<?xml version="1.0" encoding="UTF-8"?>
<!-- Generated by org.testng.reporters.JUnitReportReporter -->
<testsuite hostname="LAPTOP-HUB3DN2R" failures="0" tests="2" name="org.demoBankingApp.runner.Runner" time="29.885" errors="2" timestamp="2024-08-13T09:42:45 IST" skipped="0">
  <testcase classname="org.demoBankingApp.runner.Runner" name="runScenario" time="13.881">
    <error message="unknown error: net::ERR_INTERNET_DISCONNECTED
  (Session info: MicrosoftEdge=127.0.2651.86)
Build info: version: &#039;4.22.0&#039;, revision: &#039;c5f3146703*&#039;
System info: os.name: &#039;Windows 11&#039;, os.arch: &#039;amd64&#039;, os.version: &#039;10.0&#039;, java.version: &#039;22.0.1&#039;
Driver info: org.openqa.selenium.edge.EdgeDriver
Command: [c796200d65493851f3b44c51ffa5141b, get {url=https://parabank.parasoft.com/parabank/index.htm}]
Capabilities {acceptInsecureCerts: false, browserName: MicrosoftEdge, browserVersion: 127.0.2651.86, fedcm:accounts: true, ms:edgeOptions: {debuggerAddress: localhost:61453}, msedge: {msedgedriverVersion: 127.0.2651.98 (9996f88545e1..., userDataDir: C:\Users\admin\AppData\Loca...}, networkConnectionEnabled: false, pageLoadStrategy: normal, platformName: windows, proxy: Proxy(), se:cdp: ws://localhost:61453/devtoo..., se:cdpVersion: 127.0.2651.86, setWindowRect: true, strictFileInteractability: false, timeouts: {implicit: 0, pageLoad: 300000, script: 30000}, unhandledPromptBehavior: dismiss and notify, webauthn:extension:credBlob: true, webauthn:extension:largeBlob: true, webauthn:extension:minPinLength: true, webauthn:extension:prf: true, webauthn:virtualAuthenticators: true}
Session ID: c796200d65493851f3b44c51ffa5141b" type="org.openqa.selenium.WebDriverException">
      <![CDATA[org.openqa.selenium.WebDriverException: unknown error: net::ERR_INTERNET_DISCONNECTED
  (Session info: MicrosoftEdge=127.0.2651.86)
Build info: version: '4.22.0', revision: 'c5f3146703*'
System info: os.name: 'Windows 11', os.arch: 'amd64', os.version: '10.0', java.version: '22.0.1'
Driver info: org.openqa.selenium.edge.EdgeDriver
Command: [c796200d65493851f3b44c51ffa5141b, get {url=https://parabank.parasoft.com/parabank/index.htm}]
Capabilities {acceptInsecureCerts: false, browserName: MicrosoftEdge, browserVersion: 127.0.2651.86, fedcm:accounts: true, ms:edgeOptions: {debuggerAddress: localhost:61453}, msedge: {msedgedriverVersion: 127.0.2651.98 (9996f88545e1..., userDataDir: C:\Users\admin\AppData\Loca...}, networkConnectionEnabled: false, pageLoadStrategy: normal, platformName: windows, proxy: Proxy(), se:cdp: ws://localhost:61453/devtoo..., se:cdpVersion: 127.0.2651.86, setWindowRect: true, strictFileInteractability: false, timeouts: {implicit: 0, pageLoad: 300000, script: 30000}, unhandledPromptBehavior: dismiss and notify, webauthn:extension:credBlob: true, webauthn:extension:largeBlob: true, webauthn:extension:minPinLength: true, webauthn:extension:prf: true, webauthn:virtualAuthenticators: true}
Session ID: c796200d65493851f3b44c51ffa5141b
at java.base/jdk.internal.reflect.DirectConstructorHandleAccessor.newInstance(DirectConstructorHandleAccessor.java:62)
at java.base/java.lang.reflect.Constructor.newInstanceWithCaller(Constructor.java:502)
at java.base/java.lang.reflect.Constructor.newInstance(Constructor.java:486)
at org.openqa.selenium.remote.ErrorCodec.decode(ErrorCodec.java:167)
at org.openqa.selenium.remote.codec.w3c.W3CHttpResponseCodec.decode(W3CHttpResponseCodec.java:138)
at org.openqa.selenium.remote.codec.w3c.W3CHttpResponseCodec.decode(W3CHttpResponseCodec.java:50)
at org.openqa.selenium.remote.HttpCommandExecutor.execute(HttpCommandExecutor.java:190)
at org.openqa.selenium.remote.service.DriverCommandExecutor.invokeExecute(DriverCommandExecutor.java:216)
at org.openqa.selenium.remote.service.DriverCommandExecutor.execute(DriverCommandExecutor.java:174)
at org.openqa.selenium.remote.RemoteWebDriver.execute(RemoteWebDriver.java:518)
at org.openqa.selenium.remote.RemoteWebDriver.get(RemoteWebDriver.java:300)
at org.demoBankingApp.stepDefs.CreateAccountStepDef.user_opens_the_application(CreateAccountStepDef.java:23)
at ✽.user opens the application(file:///D:/d/eclipse-workspace/DemoBankingAppTest/src/test/resources/testFeatures/register.feature:5)
]]>
    </error>
  </testcase> <!-- runScenario -->
  <testcase classname="org.demoBankingApp.runner.Runner" name="runScenario" time="16.004">
    <error message="unknown error: net::ERR_INTERNET_DISCONNECTED
  (Session info: MicrosoftEdge=127.0.2651.86)
Build info: version: &#039;4.22.0&#039;, revision: &#039;c5f3146703*&#039;
System info: os.name: &#039;Windows 11&#039;, os.arch: &#039;amd64&#039;, os.version: &#039;10.0&#039;, java.version: &#039;22.0.1&#039;
Driver info: org.openqa.selenium.edge.EdgeDriver
Command: [911513596810af27d97f15c133f85c8c, get {url=https://parabank.parasoft.com/parabank/index.htm}]
Capabilities {acceptInsecureCerts: false, browserName: MicrosoftEdge, browserVersion: 127.0.2651.86, fedcm:accounts: true, ms:edgeOptions: {debuggerAddress: localhost:61435}, msedge: {msedgedriverVersion: 127.0.2651.98 (9996f88545e1..., userDataDir: C:\Users\admin\AppData\Loca...}, networkConnectionEnabled: false, pageLoadStrategy: normal, platformName: windows, proxy: Proxy(), se:cdp: ws://localhost:61435/devtoo..., se:cdpVersion: 127.0.2651.86, setWindowRect: true, strictFileInteractability: false, timeouts: {implicit: 0, pageLoad: 300000, script: 30000}, unhandledPromptBehavior: dismiss and notify, webauthn:extension:credBlob: true, webauthn:extension:largeBlob: true, webauthn:extension:minPinLength: true, webauthn:extension:prf: true, webauthn:virtualAuthenticators: true}
Session ID: 911513596810af27d97f15c133f85c8c" type="org.openqa.selenium.WebDriverException">
      <![CDATA[org.openqa.selenium.WebDriverException: unknown error: net::ERR_INTERNET_DISCONNECTED
  (Session info: MicrosoftEdge=127.0.2651.86)
Build info: version: '4.22.0', revision: 'c5f3146703*'
System info: os.name: 'Windows 11', os.arch: 'amd64', os.version: '10.0', java.version: '22.0.1'
Driver info: org.openqa.selenium.edge.EdgeDriver
Command: [911513596810af27d97f15c133f85c8c, get {url=https://parabank.parasoft.com/parabank/index.htm}]
Capabilities {acceptInsecureCerts: false, browserName: MicrosoftEdge, browserVersion: 127.0.2651.86, fedcm:accounts: true, ms:edgeOptions: {debuggerAddress: localhost:61435}, msedge: {msedgedriverVersion: 127.0.2651.98 (9996f88545e1..., userDataDir: C:\Users\admin\AppData\Loca...}, networkConnectionEnabled: false, pageLoadStrategy: normal, platformName: windows, proxy: Proxy(), se:cdp: ws://localhost:61435/devtoo..., se:cdpVersion: 127.0.2651.86, setWindowRect: true, strictFileInteractability: false, timeouts: {implicit: 0, pageLoad: 300000, script: 30000}, unhandledPromptBehavior: dismiss and notify, webauthn:extension:credBlob: true, webauthn:extension:largeBlob: true, webauthn:extension:minPinLength: true, webauthn:extension:prf: true, webauthn:virtualAuthenticators: true}
Session ID: 911513596810af27d97f15c133f85c8c
at java.base/jdk.internal.reflect.DirectConstructorHandleAccessor.newInstance(DirectConstructorHandleAccessor.java:62)
at java.base/java.lang.reflect.Constructor.newInstanceWithCaller(Constructor.java:502)
at java.base/java.lang.reflect.Constructor.newInstance(Constructor.java:486)
at org.openqa.selenium.remote.ErrorCodec.decode(ErrorCodec.java:167)
at org.openqa.selenium.remote.codec.w3c.W3CHttpResponseCodec.decode(W3CHttpResponseCodec.java:138)
at org.openqa.selenium.remote.codec.w3c.W3CHttpResponseCodec.decode(W3CHttpResponseCodec.java:50)
at org.openqa.selenium.remote.HttpCommandExecutor.execute(HttpCommandExecutor.java:190)
at org.openqa.selenium.remote.service.DriverCommandExecutor.invokeExecute(DriverCommandExecutor.java:216)
at org.openqa.selenium.remote.service.DriverCommandExecutor.execute(DriverCommandExecutor.java:174)
at org.openqa.selenium.remote.RemoteWebDriver.execute(RemoteWebDriver.java:518)
at org.openqa.selenium.remote.RemoteWebDriver.get(RemoteWebDriver.java:300)
at org.demoBankingApp.stepDefs.CreateAccountStepDef.user_opens_the_application(CreateAccountStepDef.java:23)
at ✽.user opens the application(file:///D:/d/eclipse-workspace/DemoBankingAppTest/src/test/resources/testFeatures/register.feature:5)
]]>
    </error>
  </testcase> <!-- runScenario -->
</testsuite> <!-- org.demoBankingApp.runner.Runner -->
