<?xml version="1.0" encoding="UTF-8"?>
<!-- Generated by org.testng.reporters.JUnitReportReporter -->
<testsuite hostname="LAPTOP-HUB3DN2R" failures="0" tests="10" name="org.demoBankingApp.runner.Runner" time="236.061" errors="0" timestamp="2024-08-15T19:48:46 IST" skipped="0">
  <testcase classname="org.demoBankingApp.runner.Runner" name="runScenario" time="24.576"/>
  <testcase classname="org.demoBankingApp.runner.Runner" name="runScenario" time="21.433"/>
  <testcase classname="org.demoBankingApp.runner.Runner" name="runScenario" time="18.345"/>
  <testcase classname="org.demoBankingApp.runner.Runner" name="runScenario" time="31.709"/>
  <testcase classname="org.demoBankingApp.runner.Runner" name="runScenario" time="18.613"/>
  <testcase classname="org.demoBankingApp.runner.Runner" name="runScenario" time="25.973"/>
  <testcase classname="org.demoBankingApp.runner.Runner" name="runScenario" time="22.814"/>
  <testcase classname="org.demoBankingApp.runner.Runner" name="runScenario" time="27.058"/>
  <testcase classname="org.demoBankingApp.runner.Runner" name="runScenario" time="24.399"/>
  <testcase classname="org.demoBankingApp.runner.Runner" name="runScenario" time="21.141"/>
</testsuite> <!-- org.demoBankingApp.runner.Runner -->
